Using pre-set license
Built from '2022.3/staging' branch; Version is '2022.3.13f1 (5f90a5ebde0f) revision 6262949'; Using compiler version '192829333'; Build Type 'Release'
OS: 'Windows 10  (10.0.19045) 64bit Professional' Language: 'tr' Physical Memory: 16163 MB
BatchMode: 1, IsHumanControllingUs: 0, StartBugReporterOnCrash: 0, Is64bit: 1, IsPro: 1

COMMAND LINE ARGUMENTS:
C:\Program Files\Unity\Hub\Editor\2022.3.13f1\Editor\Unity.exe
-adb2
-batchMode
-noUpm
-name
AssetImportWorker0
-projectPath
C:/Users/husey/çöpbot
-logFile
Logs/AssetImportWorker0.log
-srvPort
65261
Successfully changed project path to: C:/Users/husey/çöpbot
C:/Users/husey/çöpbot
[UnityMemory] Configuration Parameters - Can be set up in boot.config
    "memorysetup-bucket-allocator-granularity=16"
    "memorysetup-bucket-allocator-bucket-count=8"
    "memorysetup-bucket-allocator-block-size=33554432"
    "memorysetup-bucket-allocator-block-count=8"
    "memorysetup-main-allocator-block-size=16777216"
    "memorysetup-thread-allocator-block-size=16777216"
    "memorysetup-gfx-main-allocator-block-size=16777216"
    "memorysetup-gfx-thread-allocator-block-size=16777216"
    "memorysetup-cache-allocator-block-size=4194304"
    "memorysetup-typetree-allocator-block-size=2097152"
    "memorysetup-profiler-bucket-allocator-granularity=16"
    "memorysetup-profiler-bucket-allocator-bucket-count=8"
    "memorysetup-profiler-bucket-allocator-block-size=33554432"
    "memorysetup-profiler-bucket-allocator-block-count=8"
    "memorysetup-profiler-allocator-block-size=16777216"
    "memorysetup-profiler-editor-allocator-block-size=1048576"
    "memorysetup-temp-allocator-size-main=16777216"
    "memorysetup-job-temp-allocator-block-size=2097152"
    "memorysetup-job-temp-allocator-block-size-background=1048576"
    "memorysetup-job-temp-allocator-reduction-small-platforms=262144"
    "memorysetup-allocator-temp-initial-block-size-main=262144"
    "memorysetup-allocator-temp-initial-block-size-worker=262144"
    "memorysetup-temp-allocator-size-background-worker=32768"
    "memorysetup-temp-allocator-size-job-worker=262144"
    "memorysetup-temp-allocator-size-preload-manager=33554432"
    "memorysetup-temp-allocator-size-nav-mesh-worker=65536"
    "memorysetup-temp-allocator-size-audio-worker=65536"
    "memorysetup-temp-allocator-size-cloud-worker=32768"
    "memorysetup-temp-allocator-size-gi-baking-worker=262144"
    "memorysetup-temp-allocator-size-gfx=262144"
Player connection [14676] Host "[IP] 192.168.1.104 [Port] 0 [Flags] 2 [Guid] 329432626 [EditorId] 329432626 [Version] 1048832 [Id] WindowsEditor(7,DESKTOP-K52NERP) [Debug] 1 [PackageName] WindowsEditor [ProjectName] Editor" joined multi-casting on [225.0.0.222:54997]...

Player connection [14676] Host "[IP] 192.168.1.104 [Port] 0 [Flags] 2 [Guid] 329432626 [EditorId] 329432626 [Version] 1048832 [Id] WindowsEditor(7,DESKTOP-K52NERP) [Debug] 1 [PackageName] WindowsEditor [ProjectName] Editor" joined alternative multi-casting on [225.0.0.222:34997]...

[Physics::Module] Initialized MultithreadedJobDispatcher with 11 workers.
Refreshing native plugins compatible for Editor in 10.27 ms, found 4 plugins.
Preloading 0 native plugins for Editor in 0.00 ms.
Initialize engine version: 2022.3.13f1 (5f90a5ebde0f)
[Subsystems] Discovering subsystems at path C:/Program Files/Unity/Hub/Editor/2022.3.13f1/Editor/Data/Resources/UnitySubsystems
[Subsystems] Discovering subsystems at path C:/Users/husey/çöpbot/Assets
GfxDevice: creating device client; threaded=0; jobified=0
Direct3D:
    Version:  Direct3D 11.0 [level 11.1]
    Renderer: NVIDIA GeForce GTX 1650 (ID=0x1f9d)
    Vendor:   NVIDIA
    VRAM:     3950 MB
    Driver:   31.0.15.4633
Initialize mono
Mono path[0] = 'C:/Program Files/Unity/Hub/Editor/2022.3.13f1/Editor/Data/Managed'
Mono path[1] = 'C:/Program Files/Unity/Hub/Editor/2022.3.13f1/Editor/Data/MonoBleedingEdge/lib/mono/unityjit-win32'
Mono config path = 'C:/Program Files/Unity/Hub/Editor/2022.3.13f1/Editor/Data/MonoBleedingEdge/etc'
Using monoOptions --debugger-agent=transport=dt_socket,embedding=1,server=y,suspend=n,address=127.0.0.1:56348
Begin MonoManager ReloadAssembly
Registering precompiled unity dll's ...
Register platform support module: C:/Program Files/Unity/Hub/Editor/2022.3.13f1/Editor/Data/PlaybackEngines/AndroidPlayer/UnityEditor.Android.Extensions.dll
Register platform support module: C:/Program Files/Unity/Hub/Editor/2022.3.13f1/Editor/Data/PlaybackEngines/WindowsStandaloneSupport/UnityEditor.WindowsStandalone.Extensions.dll
Registered in 0.008731 seconds.
- Loaded All Assemblies, in  0.354 seconds
Native extension for WindowsStandalone target not found
Native extension for Android target not found
Android Extension - Scanning For ADB Devices 203 ms
Mono: successfully reloaded assembly
- Finished resetting the current domain, in  0.533 seconds
Domain Reload Profiling: 886ms
	BeginReloadAssembly (100ms)
		ExecutionOrderSort (0ms)
		DisableScriptedObjects (0ms)
		BackupInstance (0ms)
		ReleaseScriptingObjects (0ms)
		CreateAndSetChildDomain (1ms)
	RebuildCommonClasses (33ms)
	RebuildNativeTypeToScriptingClass (9ms)
	initialDomainReloadingComplete (65ms)
	LoadAllAssembliesAndSetupDomain (145ms)
		LoadAssemblies (99ms)
		RebuildTransferFunctionScriptingTraits (0ms)
		AnalyzeDomain (143ms)
			TypeCache.Refresh (142ms)
				TypeCache.ScanAssembly (130ms)
			ScanForSourceGeneratedMonoScriptInfo (0ms)
			ResolveRequiredComponents (0ms)
	FinalizeReload (533ms)
		ReleaseScriptCaches (0ms)
		RebuildScriptCaches (0ms)
		SetupLoadedEditorAssemblies (468ms)
			LogAssemblyErrors (0ms)
			InitializePlatformSupportModulesInManaged (327ms)
			SetLoadedEditorAssemblies (4ms)
			RefreshPlugins (0ms)
			BeforeProcessingInitializeOnLoad (2ms)
			ProcessInitializeOnLoadAttributes (94ms)
			ProcessInitializeOnLoadMethodAttributes (40ms)
			AfterProcessingInitializeOnLoad (0ms)
			EditorAssembliesLoaded (0ms)
		ExecutionOrderSort2 (0ms)
		AwakeInstancesAfterBackupRestoration (0ms)
========================================================================
Worker process is ready to serve import requests
Begin MonoManager ReloadAssembly
- Loaded All Assemblies, in  0.628 seconds
Refreshing native plugins compatible for Editor in 3.42 ms, found 4 plugins.
Native extension for WindowsStandalone target not found
Native extension for Android target not found
Package Manager log level set to [2]
[Package Manager] Server::EnsureServerProcessIsRunning -- launch failed, reason: Unity was launched with the -noUpm command-line argument
[Package Manager] UpmClient::Send -- Unable to send message (not connected to UPM process).
[Package Manager] Cannot connect to Unity Package Manager local server
Mono: successfully reloaded assembly
- Finished resetting the current domain, in  0.685 seconds
Domain Reload Profiling: 1311ms
	BeginReloadAssembly (136ms)
		ExecutionOrderSort (0ms)
		DisableScriptedObjects (7ms)
		BackupInstance (0ms)
		ReleaseScriptingObjects (0ms)
		CreateAndSetChildDomain (21ms)
	RebuildCommonClasses (40ms)
	RebuildNativeTypeToScriptingClass (16ms)
	initialDomainReloadingComplete (46ms)
	LoadAllAssembliesAndSetupDomain (388ms)
		LoadAssemblies (282ms)
		RebuildTransferFunctionScriptingTraits (0ms)
		AnalyzeDomain (184ms)
			TypeCache.Refresh (154ms)
				TypeCache.ScanAssembly (138ms)
			ScanForSourceGeneratedMonoScriptInfo (25ms)
			ResolveRequiredComponents (4ms)
	FinalizeReload (685ms)
		ReleaseScriptCaches (0ms)
		RebuildScriptCaches (0ms)
		SetupLoadedEditorAssemblies (505ms)
			LogAssemblyErrors (0ms)
			InitializePlatformSupportModulesInManaged (31ms)
			SetLoadedEditorAssemblies (3ms)
			RefreshPlugins (0ms)
			BeforeProcessingInitializeOnLoad (78ms)
			ProcessInitializeOnLoadAttributes (349ms)
			ProcessInitializeOnLoadMethodAttributes (39ms)
			AfterProcessingInitializeOnLoad (5ms)
			EditorAssembliesLoaded (0ms)
		ExecutionOrderSort2 (0ms)
		AwakeInstancesAfterBackupRestoration (4ms)
Launched and connected shader compiler UnityShaderCompiler.exe after 0.03 seconds
Refreshing native plugins compatible for Editor in 3.12 ms, found 4 plugins.
Preloading 0 native plugins for Editor in 0.00 ms.
Unloading 4191 Unused Serialized files (Serialized files now loaded: 0)
Unloading 83 unused Assets / (316.7 KB). Loaded Objects now: 4650.
Memory consumption went from 153.2 MB to 152.9 MB.
Total: 2.936900 ms (FindLiveObjects: 0.289300 ms CreateObjectMapping: 0.111400 ms MarkObjects: 2.312000 ms  DeleteObjects: 0.222600 ms)

AssetImportParameters requested are different than current active one (requested -> active):
  custom:container-demuxer-ogg: 62fdf1f143b41e24485cea50d1cbac27 -> 
  custom:video-decoder-ogg-theora: a1e56fd34408186e4bbccfd4996cb3dc -> 
  custom:framework-win-MediaFoundation: 216162199b28c13a410421893ffa2e32 -> 
  custom:CustomObjectIndexerAttribute: 756ad292c208cfabdd7b50bc23989ffe -> 
  custom:container-demuxer-webm: 4f35f7cbe854078d1ac9338744f61a02 -> 
  custom:container-muxer-webm: aa71ff27fc2769a1b78a27578f13a17b -> 
  custom:video-decoder-webm-vp8: 9c59270c3fd7afecdb556c50c9e8de78 -> 
  custom:SearchIndexIgnoredProperties: e643bd26f0fe6173181afceb89e7c659 -> 
  custom:AudioImporter_EditorPlatform: d09bf68614088b80899f8185d706f6e7 -> 
  custom:video-encoder-webm-vp8: eb34c28f22e8b96e1ab97ce403110664 -> 
  custom:audio-decoder-ogg-vorbis: bf7c407c2cedff20999df2af8eb42d56 -> 
  custom:audio-encoder-webm-vorbis: bf7c407c2cedff20999df2af8eb42d56 -> 
========================================================================
Received Import Request.
  Time since last request: 131413.324528 seconds.
  path: Assets/Tileset/green/green.prefab
  artifactKey: Guid(d689dd9cf621f1c4ab1bab4cdc06f236) Importer(815301076,1909f56bfc062723c751e8b465ee728b)
Start importing Assets/Tileset/green/green.prefab using Guid(d689dd9cf621f1c4ab1bab4cdc06f236) Importer(815301076,1909f56bfc062723c751e8b465ee728b)  -> (artifact id: '3a8da5322ffa5a088d32808af2d0098e') in 0.068037 seconds
Number of updated asset objects reloaded before import = 0
Number of asset objects unloaded after import = 41
========================================================================
Received Prepare
Begin MonoManager ReloadAssembly
- Loaded All Assemblies, in  0.468 seconds
Refreshing native plugins compatible for Editor in 3.49 ms, found 4 plugins.
Native extension for WindowsStandalone target not found
Native extension for Android target not found
[Package Manager] Server::EnsureServerProcessIsRunning -- launch failed, reason: Unity was launched with the -noUpm command-line argument
[Package Manager] UpmClient::Send -- Unable to send message (not connected to UPM process).
[Package Manager] Cannot connect to Unity Package Manager local server
Mono: successfully reloaded assembly
- Finished resetting the current domain, in  0.924 seconds
Domain Reload Profiling: 1390ms
	BeginReloadAssembly (171ms)
		ExecutionOrderSort (0ms)
		DisableScriptedObjects (12ms)
		BackupInstance (0ms)
		ReleaseScriptingObjects (0ms)
		CreateAndSetChildDomain (40ms)
	RebuildCommonClasses (39ms)
	RebuildNativeTypeToScriptingClass (9ms)
	initialDomainReloadingComplete (27ms)
	LoadAllAssembliesAndSetupDomain (219ms)
		LoadAssemblies (291ms)
		RebuildTransferFunctionScriptingTraits (0ms)
		AnalyzeDomain (15ms)
			TypeCache.Refresh (6ms)
				TypeCache.ScanAssembly (0ms)
			ScanForSourceGeneratedMonoScriptInfo (0ms)
			ResolveRequiredComponents (7ms)
	FinalizeReload (925ms)
		ReleaseScriptCaches (0ms)
		RebuildScriptCaches (0ms)
		SetupLoadedEditorAssemblies (418ms)
			LogAssemblyErrors (0ms)
			InitializePlatformSupportModulesInManaged (23ms)
			SetLoadedEditorAssemblies (3ms)
			RefreshPlugins (0ms)
			BeforeProcessingInitializeOnLoad (67ms)
			ProcessInitializeOnLoadAttributes (285ms)
			ProcessInitializeOnLoadMethodAttributes (32ms)
			AfterProcessingInitializeOnLoad (6ms)
			EditorAssembliesLoaded (0ms)
		ExecutionOrderSort2 (0ms)
		AwakeInstancesAfterBackupRestoration (12ms)
Refreshing native plugins compatible for Editor in 3.84 ms, found 4 plugins.
Preloading 0 native plugins for Editor in 0.00 ms.
Unloading 4183 Unused Serialized files (Serialized files now loaded: 0)
Unloading 43 unused Assets / (287.6 KB). Loaded Objects now: 4674.
Memory consumption went from 152.6 MB to 152.4 MB.
Total: 3.064200 ms (FindLiveObjects: 0.347300 ms CreateObjectMapping: 0.210700 ms MarkObjects: 2.311500 ms  DeleteObjects: 0.193900 ms)

Prepare: number of updated asset objects reloaded= 0
AssetImportParameters requested are different than current active one (requested -> active):
  custom:container-demuxer-ogg: 62fdf1f143b41e24485cea50d1cbac27 -> 
  custom:video-decoder-ogg-theora: a1e56fd34408186e4bbccfd4996cb3dc -> 
  custom:framework-win-MediaFoundation: 216162199b28c13a410421893ffa2e32 -> 
  custom:CustomObjectIndexerAttribute: 756ad292c208cfabdd7b50bc23989ffe -> 
  custom:container-demuxer-webm: 4f35f7cbe854078d1ac9338744f61a02 -> 
  custom:container-muxer-webm: aa71ff27fc2769a1b78a27578f13a17b -> 
  custom:video-decoder-webm-vp8: 9c59270c3fd7afecdb556c50c9e8de78 -> 
  custom:SearchIndexIgnoredProperties: e643bd26f0fe6173181afceb89e7c659 -> 
  custom:AudioImporter_EditorPlatform: d09bf68614088b80899f8185d706f6e7 -> 
  custom:video-encoder-webm-vp8: eb34c28f22e8b96e1ab97ce403110664 -> 
  custom:audio-decoder-ogg-vorbis: bf7c407c2cedff20999df2af8eb42d56 -> 
  custom:audio-encoder-webm-vorbis: bf7c407c2cedff20999df2af8eb42d56 -> 
========================================================================
Received Prepare
Begin MonoManager ReloadAssembly
- Loaded All Assemblies, in  0.412 seconds
Refreshing native plugins compatible for Editor in 4.47 ms, found 4 plugins.
Native extension for WindowsStandalone target not found
Native extension for Android target not found
[Package Manager] Server::EnsureServerProcessIsRunning -- launch failed, reason: Unity was launched with the -noUpm command-line argument
[Package Manager] UpmClient::Send -- Unable to send message (not connected to UPM process).
[Package Manager] Cannot connect to Unity Package Manager local server
Mono: successfully reloaded assembly
- Finished resetting the current domain, in  0.867 seconds
Domain Reload Profiling: 1276ms
	BeginReloadAssembly (135ms)
		ExecutionOrderSort (0ms)
		DisableScriptedObjects (13ms)
		BackupInstance (0ms)
		ReleaseScriptingObjects (0ms)
		CreateAndSetChildDomain (30ms)
	RebuildCommonClasses (25ms)
	RebuildNativeTypeToScriptingClass (9ms)
	initialDomainReloadingComplete (23ms)
	LoadAllAssembliesAndSetupDomain (217ms)
		LoadAssemblies (265ms)
		RebuildTransferFunctionScriptingTraits (0ms)
		AnalyzeDomain (15ms)
			TypeCache.Refresh (7ms)
				TypeCache.ScanAssembly (0ms)
			ScanForSourceGeneratedMonoScriptInfo (0ms)
			ResolveRequiredComponents (7ms)
	FinalizeReload (867ms)
		ReleaseScriptCaches (0ms)
		RebuildScriptCaches (0ms)
		SetupLoadedEditorAssemblies (411ms)
			LogAssemblyErrors (0ms)
			InitializePlatformSupportModulesInManaged (26ms)
			SetLoadedEditorAssemblies (4ms)
			RefreshPlugins (0ms)
			BeforeProcessingInitializeOnLoad (66ms)
			ProcessInitializeOnLoadAttributes (277ms)
			ProcessInitializeOnLoadMethodAttributes (31ms)
			AfterProcessingInitializeOnLoad (7ms)
			EditorAssembliesLoaded (0ms)
		ExecutionOrderSort2 (0ms)
		AwakeInstancesAfterBackupRestoration (13ms)
Refreshing native plugins compatible for Editor in 3.16 ms, found 4 plugins.
Preloading 0 native plugins for Editor in 0.00 ms.
Unloading 4184 Unused Serialized files (Serialized files now loaded: 0)
Unloading 43 unused Assets / (287.8 KB). Loaded Objects now: 4690.
Memory consumption went from 154.8 MB to 154.5 MB.
Total: 3.202100 ms (FindLiveObjects: 0.447500 ms CreateObjectMapping: 0.200600 ms MarkObjects: 2.353200 ms  DeleteObjects: 0.199800 ms)

Prepare: number of updated asset objects reloaded= 0
AssetImportParameters requested are different than current active one (requested -> active):
  custom:container-demuxer-ogg: 62fdf1f143b41e24485cea50d1cbac27 -> 
  custom:video-decoder-ogg-theora: a1e56fd34408186e4bbccfd4996cb3dc -> 
  custom:framework-win-MediaFoundation: 216162199b28c13a410421893ffa2e32 -> 
  custom:CustomObjectIndexerAttribute: 756ad292c208cfabdd7b50bc23989ffe -> 
  custom:container-demuxer-webm: 4f35f7cbe854078d1ac9338744f61a02 -> 
  custom:container-muxer-webm: aa71ff27fc2769a1b78a27578f13a17b -> 
  custom:video-decoder-webm-vp8: 9c59270c3fd7afecdb556c50c9e8de78 -> 
  custom:SearchIndexIgnoredProperties: e643bd26f0fe6173181afceb89e7c659 -> 
  custom:AudioImporter_EditorPlatform: d09bf68614088b80899f8185d706f6e7 -> 
  custom:video-encoder-webm-vp8: eb34c28f22e8b96e1ab97ce403110664 -> 
  custom:audio-decoder-ogg-vorbis: bf7c407c2cedff20999df2af8eb42d56 -> 
  custom:audio-encoder-webm-vorbis: bf7c407c2cedff20999df2af8eb42d56 -> 
========================================================================
Received Import Request.
  Time since last request: 141.593057 seconds.
  path: Assets/Tileset/green/green.prefab
  artifactKey: Guid(d689dd9cf621f1c4ab1bab4cdc06f236) Importer(815301076,1909f56bfc062723c751e8b465ee728b)
Start importing Assets/Tileset/green/green.prefab using Guid(d689dd9cf621f1c4ab1bab4cdc06f236) Importer(815301076,1909f56bfc062723c751e8b465ee728b)  -> (artifact id: '12f9bdead3bc2d77b639f69c18472052') in 0.060446 seconds
Number of updated asset objects reloaded before import = 0
Number of asset objects unloaded after import = 41
========================================================================
Received Import Request.
  Time since last request: 37.217336 seconds.
  path: Assets/Tileset/green/green.prefab
  artifactKey: Guid(d689dd9cf621f1c4ab1bab4cdc06f236) Importer(815301076,1909f56bfc062723c751e8b465ee728b)
Start importing Assets/Tileset/green/green.prefab using Guid(d689dd9cf621f1c4ab1bab4cdc06f236) Importer(815301076,1909f56bfc062723c751e8b465ee728b)  -> (artifact id: 'fdd30708fbb9379e88b7bd7eb094bea9') in 0.015918 seconds
Number of updated asset objects reloaded before import = 0
Number of asset objects unloaded after import = 41
========================================================================
Received Import Request.
  Time since last request: 16.840210 seconds.
  path: Assets/Tileset/green/green.prefab
  artifactKey: Guid(d689dd9cf621f1c4ab1bab4cdc06f236) Importer(815301076,1909f56bfc062723c751e8b465ee728b)
Start importing Assets/Tileset/green/green.prefab using Guid(d689dd9cf621f1c4ab1bab4cdc06f236) Importer(815301076,1909f56bfc062723c751e8b465ee728b)  -> (artifact id: '3cf9b571f0fa453b9434da8560cefb06') in 0.018639 seconds
Number of updated asset objects reloaded before import = 0
Number of asset objects unloaded after import = 41
========================================================================
Received Import Request.
  Time since last request: 2.934543 seconds.
  path: Assets/Tileset/green/green.prefab
  artifactKey: Guid(d689dd9cf621f1c4ab1bab4cdc06f236) Importer(815301076,1909f56bfc062723c751e8b465ee728b)
Start importing Assets/Tileset/green/green.prefab using Guid(d689dd9cf621f1c4ab1bab4cdc06f236) Importer(815301076,1909f56bfc062723c751e8b465ee728b)  -> (artifact id: '991c015f39e43e00539b605f0740b315') in 0.013933 seconds
Number of updated asset objects reloaded before import = 0
Number of asset objects unloaded after import = 41
========================================================================
Received Prepare
Begin MonoManager ReloadAssembly
- Loaded All Assemblies, in  0.480 seconds
Refreshing native plugins compatible for Editor in 4.47 ms, found 4 plugins.
Native extension for WindowsStandalone target not found
Native extension for Android target not found
[Package Manager] Server::EnsureServerProcessIsRunning -- launch failed, reason: Unity was launched with the -noUpm command-line argument
[Package Manager] UpmClient::Send -- Unable to send message (not connected to UPM process).
[Package Manager] Cannot connect to Unity Package Manager local server
Mono: successfully reloaded assembly
- Finished resetting the current domain, in  0.913 seconds
Domain Reload Profiling: 1389ms
	BeginReloadAssembly (167ms)
		ExecutionOrderSort (0ms)
		DisableScriptedObjects (9ms)
		BackupInstance (0ms)
		ReleaseScriptingObjects (0ms)
		CreateAndSetChildDomain (40ms)
	RebuildCommonClasses (43ms)
	RebuildNativeTypeToScriptingClass (16ms)
	initialDomainReloadingComplete (33ms)
	LoadAllAssembliesAndSetupDomain (216ms)
		LoadAssemblies (290ms)
		RebuildTransferFunctionScriptingTraits (0ms)
		AnalyzeDomain (16ms)
			TypeCache.Refresh (6ms)
				TypeCache.ScanAssembly (0ms)
			ScanForSourceGeneratedMonoScriptInfo (0ms)
			ResolveRequiredComponents (8ms)
	FinalizeReload (913ms)
		ReleaseScriptCaches (0ms)
		RebuildScriptCaches (0ms)
		SetupLoadedEditorAssemblies (424ms)
			LogAssemblyErrors (0ms)
			InitializePlatformSupportModulesInManaged (23ms)
			SetLoadedEditorAssemblies (4ms)
			RefreshPlugins (0ms)
			BeforeProcessingInitializeOnLoad (67ms)
			ProcessInitializeOnLoadAttributes (293ms)
			ProcessInitializeOnLoadMethodAttributes (30ms)
			AfterProcessingInitializeOnLoad (6ms)
			EditorAssembliesLoaded (0ms)
		ExecutionOrderSort2 (0ms)
		AwakeInstancesAfterBackupRestoration (12ms)
Refreshing native plugins compatible for Editor in 4.40 ms, found 4 plugins.
Preloading 0 native plugins for Editor in 0.00 ms.
Unloading 4183 Unused Serialized files (Serialized files now loaded: 0)
Unloading 43 unused Assets / (287.7 KB). Loaded Objects now: 4706.
Memory consumption went from 156.5 MB to 156.2 MB.
Total: 3.124900 ms (FindLiveObjects: 0.329000 ms CreateObjectMapping: 0.155000 ms MarkObjects: 2.444900 ms  DeleteObjects: 0.194900 ms)

Prepare: number of updated asset objects reloaded= 0
AssetImportParameters requested are different than current active one (requested -> active):
  custom:container-demuxer-ogg: 62fdf1f143b41e24485cea50d1cbac27 -> 
  custom:video-decoder-ogg-theora: a1e56fd34408186e4bbccfd4996cb3dc -> 
  custom:framework-win-MediaFoundation: 216162199b28c13a410421893ffa2e32 -> 
  custom:CustomObjectIndexerAttribute: 756ad292c208cfabdd7b50bc23989ffe -> 
  custom:container-demuxer-webm: 4f35f7cbe854078d1ac9338744f61a02 -> 
  custom:container-muxer-webm: aa71ff27fc2769a1b78a27578f13a17b -> 
  custom:video-decoder-webm-vp8: 9c59270c3fd7afecdb556c50c9e8de78 -> 
  custom:SearchIndexIgnoredProperties: e643bd26f0fe6173181afceb89e7c659 -> 
  custom:AudioImporter_EditorPlatform: d09bf68614088b80899f8185d706f6e7 -> 
  custom:video-encoder-webm-vp8: eb34c28f22e8b96e1ab97ce403110664 -> 
  custom:audio-decoder-ogg-vorbis: bf7c407c2cedff20999df2af8eb42d56 -> 
  custom:audio-encoder-webm-vorbis: bf7c407c2cedff20999df2af8eb42d56 -> 
========================================================================
Received Import Request.
  Time since last request: 154.567054 seconds.
  path: Assets/Sprites/Environments/Small Forest Asset Pack/Ground tileset
  artifactKey: Guid(5acd579576828b8428cfb933602354cf) Importer(815301076,1909f56bfc062723c751e8b465ee728b)
Start importing Assets/Sprites/Environments/Small Forest Asset Pack/Ground tileset using Guid(5acd579576828b8428cfb933602354cf) Importer(815301076,1909f56bfc062723c751e8b465ee728b)  -> (artifact id: '32ad7a4a0da861cbe2f0a4045557a633') in 0.002542 seconds
Number of updated asset objects reloaded before import = 0
Number of asset objects unloaded after import = 0
========================================================================
Received Import Request.
  Time since last request: 118.212592 seconds.
  path: Assets/Sprites/Environments/Small Forest Asset Pack/Ground tileset/Bright-grass-tileset.png
  artifactKey: Guid(40ff7de9f85f23742a51015d1114b1b7) Importer(815301076,1909f56bfc062723c751e8b465ee728b)
Start importing Assets/Sprites/Environments/Small Forest Asset Pack/Ground tileset/Bright-grass-tileset.png using Guid(40ff7de9f85f23742a51015d1114b1b7) Importer(815301076,1909f56bfc062723c751e8b465ee728b)  -> (artifact id: '1a7c847f394eb633084aaa667e23c1ad') in 0.102479 seconds
Number of updated asset objects reloaded before import = 0
Number of asset objects unloaded after import = 17
========================================================================
Received Import Request.
  Time since last request: 11.918656 seconds.
  path: Assets/Sprites/Environments/Small Forest Asset Pack/Ground tileset/Bright-grass-tileset.png
  artifactKey: Guid(40ff7de9f85f23742a51015d1114b1b7) Importer(815301076,1909f56bfc062723c751e8b465ee728b)
Start importing Assets/Sprites/Environments/Small Forest Asset Pack/Ground tileset/Bright-grass-tileset.png using Guid(40ff7de9f85f23742a51015d1114b1b7) Importer(815301076,1909f56bfc062723c751e8b465ee728b)  -> (artifact id: '4157fd31062dadde09165480d49c6410') in 0.078812 seconds
Number of updated asset objects reloaded before import = 0
Number of asset objects unloaded after import = 17
========================================================================
Received Import Request.
  Time since last request: 5.377540 seconds.
  path: Assets/Sprites/Environments/Small Forest Asset Pack/Ground tileset/Bright-grass-tileset.png
  artifactKey: Guid(40ff7de9f85f23742a51015d1114b1b7) Importer(815301076,1909f56bfc062723c751e8b465ee728b)
Start importing Assets/Sprites/Environments/Small Forest Asset Pack/Ground tileset/Bright-grass-tileset.png using Guid(40ff7de9f85f23742a51015d1114b1b7) Importer(815301076,1909f56bfc062723c751e8b465ee728b)  -> (artifact id: 'a0600736ed9fdb0a853ecb1584cc9314') in 0.066983 seconds
Number of updated asset objects reloaded before import = 0
Number of asset objects unloaded after import = 17
========================================================================
Received Prepare
Begin MonoManager ReloadAssembly
- Loaded All Assemblies, in  0.442 seconds
Refreshing native plugins compatible for Editor in 4.10 ms, found 4 plugins.
Native extension for WindowsStandalone target not found
Native extension for Android target not found
[Package Manager] Server::EnsureServerProcessIsRunning -- launch failed, reason: Unity was launched with the -noUpm command-line argument
[Package Manager] UpmClient::Send -- Unable to send message (not connected to UPM process).
[Package Manager] Cannot connect to Unity Package Manager local server
Mono: successfully reloaded assembly
- Finished resetting the current domain, in  0.938 seconds
Domain Reload Profiling: 1378ms
	BeginReloadAssembly (152ms)
		ExecutionOrderSort (0ms)
		DisableScriptedObjects (12ms)
		BackupInstance (0ms)
		ReleaseScriptingObjects (0ms)
		CreateAndSetChildDomain (36ms)
	RebuildCommonClasses (43ms)
	RebuildNativeTypeToScriptingClass (9ms)
	initialDomainReloadingComplete (24ms)
	LoadAllAssembliesAndSetupDomain (212ms)
		LoadAssemblies (270ms)
		RebuildTransferFunctionScriptingTraits (0ms)
		AnalyzeDomain (15ms)
			TypeCache.Refresh (7ms)
				TypeCache.ScanAssembly (0ms)
			ScanForSourceGeneratedMonoScriptInfo (0ms)
			ResolveRequiredComponents (7ms)
	FinalizeReload (939ms)
		ReleaseScriptCaches (0ms)
		RebuildScriptCaches (0ms)
		SetupLoadedEditorAssemblies (423ms)
			LogAssemblyErrors (0ms)
			InitializePlatformSupportModulesInManaged (23ms)
			SetLoadedEditorAssemblies (3ms)
			RefreshPlugins (0ms)
			BeforeProcessingInitializeOnLoad (66ms)
			ProcessInitializeOnLoadAttributes (295ms)
			ProcessInitializeOnLoadMethodAttributes (30ms)
			AfterProcessingInitializeOnLoad (6ms)
			EditorAssembliesLoaded (1ms)
		ExecutionOrderSort2 (0ms)
		AwakeInstancesAfterBackupRestoration (13ms)
Refreshing native plugins compatible for Editor in 3.41 ms, found 4 plugins.
Preloading 0 native plugins for Editor in 0.00 ms.
Unloading 4183 Unused Serialized files (Serialized files now loaded: 0)
Unloading 43 unused Assets / (287.7 KB). Loaded Objects now: 4726.
Memory consumption went from 158.5 MB to 158.2 MB.
Total: 3.229900 ms (FindLiveObjects: 0.313800 ms CreateObjectMapping: 0.161000 ms MarkObjects: 2.550100 ms  DeleteObjects: 0.203500 ms)

Prepare: number of updated asset objects reloaded= 0
AssetImportParameters requested are different than current active one (requested -> active):
  custom:container-demuxer-ogg: 62fdf1f143b41e24485cea50d1cbac27 -> 
  custom:video-decoder-ogg-theora: a1e56fd34408186e4bbccfd4996cb3dc -> 
  custom:framework-win-MediaFoundation: 216162199b28c13a410421893ffa2e32 -> 
  custom:CustomObjectIndexerAttribute: 756ad292c208cfabdd7b50bc23989ffe -> 
  custom:container-demuxer-webm: 4f35f7cbe854078d1ac9338744f61a02 -> 
  custom:container-muxer-webm: aa71ff27fc2769a1b78a27578f13a17b -> 
  custom:video-decoder-webm-vp8: 9c59270c3fd7afecdb556c50c9e8de78 -> 
  custom:SearchIndexIgnoredProperties: e643bd26f0fe6173181afceb89e7c659 -> 
  custom:AudioImporter_EditorPlatform: d09bf68614088b80899f8185d706f6e7 -> 
  custom:video-encoder-webm-vp8: eb34c28f22e8b96e1ab97ce403110664 -> 
  custom:audio-decoder-ogg-vorbis: bf7c407c2cedff20999df2af8eb42d56 -> 
  custom:audio-encoder-webm-vorbis: bf7c407c2cedff20999df2af8eb42d56 -> 
========================================================================
Received Import Request.
  Time since last request: 77.036475 seconds.
  path: ProjectSettings/TagManager.asset
  artifactKey: Guid(00000000000000003000000000000000) Importer(815301076,1909f56bfc062723c751e8b465ee728b)
Start importing ProjectSettings/TagManager.asset using Guid(00000000000000003000000000000000) Importer(815301076,1909f56bfc062723c751e8b465ee728b)  -> (artifact id: '6b9326e97e2461385864aa44f9e28ada') in 0.008897 seconds
Number of updated asset objects reloaded before import = 0
Number of asset objects unloaded after import = 0
========================================================================
Received Import Request.
  Time since last request: 20.748110 seconds.
  path: Assets/Scenes/SampleScene.unity
  artifactKey: Guid(2cda990e2423bbf4892e6590ba056729) Importer(2089858483,0ecaa5967403d082aa24f35e1b516d23)
Start importing Assets/Scenes/SampleScene.unity using Guid(2cda990e2423bbf4892e6590ba056729) Importer(2089858483,0ecaa5967403d082aa24f35e1b516d23) Generated GUIDs only implemented for interfaces!
 -> (artifact id: '9b43a51283d4f1170bbe2a4ef7bdf64b') in 0.092093 seconds
Number of updated asset objects reloaded before import = 0
Number of asset objects unloaded after import = 1
========================================================================
Received Import Request.
  Time since last request: 0.000017 seconds.
  path: Assets/Sprites/Environments/Small Forest Asset Pack/Stones/Stone-1.png
  artifactKey: Guid(22a0a1331b9e5cd42bf7ec8c7201da19) Importer(2089858483,0ecaa5967403d082aa24f35e1b516d23)
Start importing Assets/Sprites/Environments/Small Forest Asset Pack/Stones/Stone-1.png using Guid(22a0a1331b9e5cd42bf7ec8c7201da19) Importer(2089858483,0ecaa5967403d082aa24f35e1b516d23) Generated GUIDs only implemented for interfaces!
 -> (artifact id: '722f1c55ef554db54b4ab671a6ed0cfe') in 0.093459 seconds
Number of updated asset objects reloaded before import = 0
Number of asset objects unloaded after import = 3
========================================================================
Received Import Request.
  Time since last request: 0.000022 seconds.
  path: Assets/Sprites/Environments/Small Forest Asset Pack/Trees/Tree-3/Tree-3-3.png
  artifactKey: Guid(23c9b2c057bd9034eb4e3e26619f454b) Importer(2089858483,0ecaa5967403d082aa24f35e1b516d23)
Start importing Assets/Sprites/Environments/Small Forest Asset Pack/Trees/Tree-3/Tree-3-3.png using Guid(23c9b2c057bd9034eb4e3e26619f454b) Importer(2089858483,0ecaa5967403d082aa24f35e1b516d23) Generated GUIDs only implemented for interfaces!
 -> (artifact id: 'bd71572b2356176ad0f9ea80e89eeab7') in 0.034231 seconds
Number of updated asset objects reloaded before import = 0
Number of asset objects unloaded after import = 3
========================================================================
Received Import Request.
  Time since last request: 0.000020 seconds.
  path: Assets/Tileset/green/Bright-grass-tileset_7.asset
  artifactKey: Guid(1acf09e7ff552c34e97551ba27bc4bed) Importer(2089858483,0ecaa5967403d082aa24f35e1b516d23)
Start importing Assets/Tileset/green/Bright-grass-tileset_7.asset using Guid(1acf09e7ff552c34e97551ba27bc4bed) Importer(2089858483,0ecaa5967403d082aa24f35e1b516d23) Generated GUIDs only implemented for interfaces!
 -> (artifact id: 'e368dfde0974cdadb457d614a41018cf') in 0.022218 seconds
Number of updated asset objects reloaded before import = 0
Number of asset objects unloaded after import = 3
========================================================================
Received Import Request.
  Time since last request: 0.000030 seconds.
  path: Assets/Sprites/Environments/Small Forest Asset Pack/Trees/Tree-2/Tree-2-2.png
  artifactKey: Guid(ce39496d0301f1a4ebde94f2404cdeb1) Importer(2089858483,0ecaa5967403d082aa24f35e1b516d23)
Start importing Assets/Sprites/Environments/Small Forest Asset Pack/Trees/Tree-2/Tree-2-2.png using Guid(ce39496d0301f1a4ebde94f2404cdeb1) Importer(2089858483,0ecaa5967403d082aa24f35e1b516d23) Generated GUIDs only implemented for interfaces!
 -> (artifact id: 'f2a5859dc0e8b2577a83aa5e156a22f5') in 0.032051 seconds
Number of updated asset objects reloaded before import = 0
Number of asset objects unloaded after import = 3
========================================================================
Received Import Request.
  Time since last request: 0.000019 seconds.
  path: Assets/Sprites/Environments/Small Forest Asset Pack/Fences/Wooden fence/Wooden-fence-1.png
  artifactKey: Guid(d893a2a168082ba408395193134cee02) Importer(2089858483,0ecaa5967403d082aa24f35e1b516d23)
Start importing Assets/Sprites/Environments/Small Forest Asset Pack/Fences/Wooden fence/Wooden-fence-1.png using Guid(d893a2a168082ba408395193134cee02) Importer(2089858483,0ecaa5967403d082aa24f35e1b516d23) Generated GUIDs only implemented for interfaces!
 -> (artifact id: 'cb8497df4271b448f2ba1ee8e261d49c') in 0.032531 seconds
Number of updated asset objects reloaded before import = 0
Number of asset objects unloaded after import = 3
========================================================================
Received Import Request.
  Time since last request: 0.000014 seconds.
  path: Assets/Sprites/Player/run.png
  artifactKey: Guid(d7e30fc5568e8ca4c8f3cb44c7615221) Importer(2089858483,0ecaa5967403d082aa24f35e1b516d23)
Start importing Assets/Sprites/Player/run.png using Guid(d7e30fc5568e8ca4c8f3cb44c7615221) Importer(2089858483,0ecaa5967403d082aa24f35e1b516d23) Generated GUIDs only implemented for interfaces!
 -> (artifact id: '68f142bb1ce9ff360da9e5775aa45b10') in 0.037425 seconds
Number of updated asset objects reloaded before import = 0
Number of asset objects unloaded after import = 8
========================================================================
Received Import Request.
  Time since last request: 0.000016 seconds.
  path: Assets/Sprites/Environments/Small Forest Asset Pack/Ground tileset/Dark-grass-tileset.png
  artifactKey: Guid(fecb007f2b4c24e40b6fac9833501873) Importer(2089858483,0ecaa5967403d082aa24f35e1b516d23)
Start importing Assets/Sprites/Environments/Small Forest Asset Pack/Ground tileset/Dark-grass-tileset.png using Guid(fecb007f2b4c24e40b6fac9833501873) Importer(2089858483,0ecaa5967403d082aa24f35e1b516d23) Generated GUIDs only implemented for interfaces!
 -> (artifact id: 'dd345e5ea403b572b6a9289898e6c4d6') in 0.029238 seconds
Number of updated asset objects reloaded before import = 0
Number of asset objects unloaded after import = 3
========================================================================
Received Import Request.
  Time since last request: 0.000016 seconds.
  path: Assets/Sprites/Environments/Small Forest Asset Pack/Ground tileset/Bright-grass-tileset.png
  artifactKey: Guid(40ff7de9f85f23742a51015d1114b1b7) Importer(2089858483,0ecaa5967403d082aa24f35e1b516d23)
Start importing Assets/Sprites/Environments/Small Forest Asset Pack/Ground tileset/Bright-grass-tileset.png using Guid(40ff7de9f85f23742a51015d1114b1b7) Importer(2089858483,0ecaa5967403d082aa24f35e1b516d23) Generated GUIDs only implemented for interfaces!
 -> (artifact id: 'e8a646f5905fd20e4c8d976ec56c6c63') in 0.066757 seconds
Number of updated asset objects reloaded before import = 0
Number of asset objects unloaded after import = 17
========================================================================
Received Import Request.
  Time since last request: 0.000021 seconds.
  path: Assets/Sprites/Environments/Small Forest Asset Pack/Bushes/Bush-3.png
  artifactKey: Guid(1148028b61b0af14ebe88e1a6fdccd23) Importer(2089858483,0ecaa5967403d082aa24f35e1b516d23)
Start importing Assets/Sprites/Environments/Small Forest Asset Pack/Bushes/Bush-3.png using Guid(1148028b61b0af14ebe88e1a6fdccd23) Importer(2089858483,0ecaa5967403d082aa24f35e1b516d23) Generated GUIDs only implemented for interfaces!
 -> (artifact id: '2e53b734382263c2997da05b4d768574') in 0.032438 seconds
Number of updated asset objects reloaded before import = 0
Number of asset objects unloaded after import = 3
========================================================================
Received Import Request.
  Time since last request: 0.000019 seconds.
  path: Assets/Sprites/Environments/Small Forest Asset Pack/Flowers/Flower-2.png
  artifactKey: Guid(b3d9e1f4ec635ae4db666db5759511e1) Importer(2089858483,0ecaa5967403d082aa24f35e1b516d23)
Start importing Assets/Sprites/Environments/Small Forest Asset Pack/Flowers/Flower-2.png using Guid(b3d9e1f4ec635ae4db666db5759511e1) Importer(2089858483,0ecaa5967403d082aa24f35e1b516d23) Generated GUIDs only implemented for interfaces!
 -> (artifact id: '572ea80414ae20ca738d3cfb4854e0e6') in 0.034280 seconds
Number of updated asset objects reloaded before import = 0
Number of asset objects unloaded after import = 3
========================================================================
Received Import Request.
  Time since last request: 0.000028 seconds.
  path: Assets/Tileset/green/Bright-grass-tileset_9.asset
  artifactKey: Guid(c95d54ee6a6bc694ea12d6239e14e9d1) Importer(2089858483,0ecaa5967403d082aa24f35e1b516d23)
Start importing Assets/Tileset/green/Bright-grass-tileset_9.asset using Guid(c95d54ee6a6bc694ea12d6239e14e9d1) Importer(2089858483,0ecaa5967403d082aa24f35e1b516d23) Generated GUIDs only implemented for interfaces!
 -> (artifact id: '549736b4162649c94c2bcbe02bab346b') in 0.016367 seconds
Number of updated asset objects reloaded before import = 0
Number of asset objects unloaded after import = 3
========================================================================
Received Import Request.
  Time since last request: 0.000017 seconds.
  path: Assets/Tileset/green/Bright-grass-tileset_6.asset
  artifactKey: Guid(223fb2100524850478a11bc5119e7563) Importer(2089858483,0ecaa5967403d082aa24f35e1b516d23)
Start importing Assets/Tileset/green/Bright-grass-tileset_6.asset using Guid(223fb2100524850478a11bc5119e7563) Importer(2089858483,0ecaa5967403d082aa24f35e1b516d23) Generated GUIDs only implemented for interfaces!
 -> (artifact id: '4883371ec186fb829fb29b4f6366c108') in 0.011850 seconds
Number of updated asset objects reloaded before import = 0
Number of asset objects unloaded after import = 3
========================================================================
Received Import Request.
  Time since last request: 0.000018 seconds.
  path: Assets/Sprites/Environments/Small Forest Asset Pack/Ground tileset/Stone-path-tileset-vertical.png
  artifactKey: Guid(292b4af458b35ef40a332df3275ad2b0) Importer(2089858483,0ecaa5967403d082aa24f35e1b516d23)
Start importing Assets/Sprites/Environments/Small Forest Asset Pack/Ground tileset/Stone-path-tileset-vertical.png using Guid(292b4af458b35ef40a332df3275ad2b0) Importer(2089858483,0ecaa5967403d082aa24f35e1b516d23) Generated GUIDs only implemented for interfaces!
 -> (artifact id: 'f689acdd769f14a9f99c2066c95f48c2') in 0.030929 seconds
Number of updated asset objects reloaded before import = 0
Number of asset objects unloaded after import = 3
========================================================================
Received Import Request.
  Time since last request: 0.000014 seconds.
  path: Assets/Sprites/Environments/Small Forest Asset Pack/Bench and chest/Chest.png
  artifactKey: Guid(9b4491e85a3f2834384936840f1e911e) Importer(2089858483,0ecaa5967403d082aa24f35e1b516d23)
Start importing Assets/Sprites/Environments/Small Forest Asset Pack/Bench and chest/Chest.png using Guid(9b4491e85a3f2834384936840f1e911e) Importer(2089858483,0ecaa5967403d082aa24f35e1b516d23) Generated GUIDs only implemented for interfaces!
 -> (artifact id: 'fd9458470e26563d071145cbef188a92') in 0.031366 seconds
Number of updated asset objects reloaded before import = 0
Number of asset objects unloaded after import = 3
========================================================================
Received Import Request.
  Time since last request: 0.000016 seconds.
  path: Assets/Sprites/Environments/Small Forest Asset Pack/Sculptures/Sculture-2.png
  artifactKey: Guid(b51128a4da33f7741b15bd6c538349dc) Importer(2089858483,0ecaa5967403d082aa24f35e1b516d23)
Start importing Assets/Sprites/Environments/Small Forest Asset Pack/Sculptures/Sculture-2.png using Guid(b51128a4da33f7741b15bd6c538349dc) Importer(2089858483,0ecaa5967403d082aa24f35e1b516d23) Generated GUIDs only implemented for interfaces!
 -> (artifact id: 'db2123def11254b3f4a4756987d64c4e') in 0.037236 seconds
Number of updated asset objects reloaded before import = 0
Number of asset objects unloaded after import = 3
========================================================================
Received Import Request.
  Time since last request: 0.000021 seconds.
  path: Assets/Sprites/Environments/Small Forest Asset Pack/Fences/Big wooden fence/Big-wooden-fence-1.png
  artifactKey: Guid(c50be368f65c9504d8b624cdaafe1f33) Importer(2089858483,0ecaa5967403d082aa24f35e1b516d23)
Start importing Assets/Sprites/Environments/Small Forest Asset Pack/Fences/Big wooden fence/Big-wooden-fence-1.png using Guid(c50be368f65c9504d8b624cdaafe1f33) Importer(2089858483,0ecaa5967403d082aa24f35e1b516d23) Generated GUIDs only implemented for interfaces!
 -> (artifact id: 'ba2f9dc9c8250e707dd3c00b17b7dc87') in 0.031698 seconds
Number of updated asset objects reloaded before import = 0
Number of asset objects unloaded after import = 3
========================================================================
Received Import Request.
  Time since last request: 0.000020 seconds.
  path: Assets/Tileset/green/Bright-grass-tileset_0.asset
  artifactKey: Guid(db72638665a5b44439e0695a575b10fc) Importer(2089858483,0ecaa5967403d082aa24f35e1b516d23)
Start importing Assets/Tileset/green/Bright-grass-tileset_0.asset using Guid(db72638665a5b44439e0695a575b10fc) Importer(2089858483,0ecaa5967403d082aa24f35e1b516d23) Generated GUIDs only implemented for interfaces!
 -> (artifact id: 'd1240f6d332b75d0db9e26b6baee19ff') in 0.012863 seconds
Number of updated asset objects reloaded before import = 0
Number of asset objects unloaded after import = 3
========================================================================
Received Import Request.
  Time since last request: 0.000016 seconds.
  path: Assets/Sprites/Environments/Small Forest Asset Pack/Trees/Tree-2/Tree-2-3.png
  artifactKey: Guid(4d7eb6621a0b69741b1775c369eab892) Importer(2089858483,0ecaa5967403d082aa24f35e1b516d23)
Start importing Assets/Sprites/Environments/Small Forest Asset Pack/Trees/Tree-2/Tree-2-3.png using Guid(4d7eb6621a0b69741b1775c369eab892) Importer(2089858483,0ecaa5967403d082aa24f35e1b516d23) Generated GUIDs only implemented for interfaces!
 -> (artifact id: 'f06d6555dc664697010ffea51aef06e4') in 0.032216 seconds
Number of updated asset objects reloaded before import = 0
Number of asset objects unloaded after import = 3
========================================================================
Received Import Request.
  Time since last request: 0.000019 seconds.
  path: Assets/Sprites/Player/wake.png
  artifactKey: Guid(458d0c2a76d0ba04b929efd512bb7b29) Importer(2089858483,0ecaa5967403d082aa24f35e1b516d23)
Start importing Assets/Sprites/Player/wake.png using Guid(458d0c2a76d0ba04b929efd512bb7b29) Importer(2089858483,0ecaa5967403d082aa24f35e1b516d23) Generated GUIDs only implemented for interfaces!
 -> (artifact id: '57142edc10a78dfecd518a4cbc260fef') in 0.042690 seconds
Number of updated asset objects reloaded before import = 0
Number of asset objects unloaded after import = 8
========================================================================
Received Import Request.
  Time since last request: 0.000030 seconds.
  path: Assets/Sprites/Environments/Small Forest Asset Pack/Fences/Big wooden fence/Big-wooden-fence-2.png
  artifactKey: Guid(81fc79da211436546aa128293085ecb3) Importer(2089858483,0ecaa5967403d082aa24f35e1b516d23)
Start importing Assets/Sprites/Environments/Small Forest Asset Pack/Fences/Big wooden fence/Big-wooden-fence-2.png using Guid(81fc79da211436546aa128293085ecb3) Importer(2089858483,0ecaa5967403d082aa24f35e1b516d23) Generated GUIDs only implemented for interfaces!
 -> (artifact id: 'e43acd8b3d1200531ddf06e716f7b262') in 0.036017 seconds
Number of updated asset objects reloaded before import = 0
Number of asset objects unloaded after import = 3
========================================================================
Received Import Request.
  Time since last request: 0.000017 seconds.
  path: Assets/Sprites/Environments/Small Forest Asset Pack/Ground tileset/Earth-tileset.png
  artifactKey: Guid(1a8c48028f986a64ea41557c1a857c1f) Importer(2089858483,0ecaa5967403d082aa24f35e1b516d23)
Start importing Assets/Sprites/Environments/Small Forest Asset Pack/Ground tileset/Earth-tileset.png using Guid(1a8c48028f986a64ea41557c1a857c1f) Importer(2089858483,0ecaa5967403d082aa24f35e1b516d23) Generated GUIDs only implemented for interfaces!
 -> (artifact id: 'e9429ee5d6cf2eaa152eb14a79ef1b68') in 0.032605 seconds
Number of updated asset objects reloaded before import = 0
Number of asset objects unloaded after import = 3
========================================================================
Received Import Request.
  Time since last request: 0.000018 seconds.
  path: Assets/Sprites/Environments/Small Forest Asset Pack/Sculptures/Sculpture-1.png
  artifactKey: Guid(829a595808bc4194ea0ae39bcbd974fb) Importer(2089858483,0ecaa5967403d082aa24f35e1b516d23)
Start importing Assets/Sprites/Environments/Small Forest Asset Pack/Sculptures/Sculpture-1.png using Guid(829a595808bc4194ea0ae39bcbd974fb) Importer(2089858483,0ecaa5967403d082aa24f35e1b516d23) Generated GUIDs only implemented for interfaces!
 -> (artifact id: '7871ec148d838fd3123eada08c906632') in 0.037996 seconds
Number of updated asset objects reloaded before import = 0
Number of asset objects unloaded after import = 3
========================================================================
Received Import Request.
  Time since last request: 0.000023 seconds.
  path: Assets/Sprites/Environments/Small Forest Asset Pack/Stones/Stone-2.png
  artifactKey: Guid(bb75e6c73449283429999d2dfe7e5405) Importer(2089858483,0ecaa5967403d082aa24f35e1b516d23)
Start importing Assets/Sprites/Environments/Small Forest Asset Pack/Stones/Stone-2.png using Guid(bb75e6c73449283429999d2dfe7e5405) Importer(2089858483,0ecaa5967403d082aa24f35e1b516d23) Generated GUIDs only implemented for interfaces!
 -> (artifact id: 'eda0d3039f0b158c1139acdfc76f1559') in 0.036667 seconds
Number of updated asset objects reloaded before import = 0
Number of asset objects unloaded after import = 3
========================================================================
Received Import Request.
  Time since last request: 0.000024 seconds.
  path: Assets/Sprites/Environments/Small Forest Asset Pack/Fences/Wooden fence/Wooden-fence-2.png
  artifactKey: Guid(020b16b56ec271846a134bd47ef46f65) Importer(2089858483,0ecaa5967403d082aa24f35e1b516d23)
Start importing Assets/Sprites/Environments/Small Forest Asset Pack/Fences/Wooden fence/Wooden-fence-2.png using Guid(020b16b56ec271846a134bd47ef46f65) Importer(2089858483,0ecaa5967403d082aa24f35e1b516d23) Generated GUIDs only implemented for interfaces!
 -> (artifact id: '5fdb640588ff64c40c787f00cd6746c2') in 0.041348 seconds
Number of updated asset objects reloaded before import = 0
Number of asset objects unloaded after import = 3
========================================================================
Received Import Request.
  Time since last request: 0.000017 seconds.
  path: Assets/Tileset/green/green.prefab
  artifactKey: Guid(d689dd9cf621f1c4ab1bab4cdc06f236) Importer(2089858483,0ecaa5967403d082aa24f35e1b516d23)
Start importing Assets/Tileset/green/green.prefab using Guid(d689dd9cf621f1c4ab1bab4cdc06f236) Importer(2089858483,0ecaa5967403d082aa24f35e1b516d23) Generated GUIDs only implemented for interfaces!
 -> (artifact id: 'df81eb49a2cadf0a3c7817d46011f2b5') in 0.020171 seconds
Number of updated asset objects reloaded before import = 0
Number of asset objects unloaded after import = 10
========================================================================
Received Import Request.
  Time since last request: 0.000018 seconds.
  path: Assets/Sprites/Environments/Small Forest Asset Pack/Fences/Wooden fence/Wooden-fence-3.png
  artifactKey: Guid(93970a1b0c2843847b974de710b2a2b5) Importer(2089858483,0ecaa5967403d082aa24f35e1b516d23)
Start importing Assets/Sprites/Environments/Small Forest Asset Pack/Fences/Wooden fence/Wooden-fence-3.png using Guid(93970a1b0c2843847b974de710b2a2b5) Importer(2089858483,0ecaa5967403d082aa24f35e1b516d23) Generated GUIDs only implemented for interfaces!
 -> (artifact id: '6473e083ae84f6b19b8f71d57a8e107f') in 0.033903 seconds
Number of updated asset objects reloaded before import = 0
Number of asset objects unloaded after import = 3
========================================================================
Received Import Request.
  Time since last request: 0.000027 seconds.
  path: Assets/Sprites/Environments/Small Forest Asset Pack/Grass/Materials/Grass-2.mat
  artifactKey: Guid(268b9defb299ba0489e8d1d0cba85883) Importer(2089858483,0ecaa5967403d082aa24f35e1b516d23)
Start importing Assets/Sprites/Environments/Small Forest Asset Pack/Grass/Materials/Grass-2.mat using Guid(268b9defb299ba0489e8d1d0cba85883) Importer(2089858483,0ecaa5967403d082aa24f35e1b516d23) Generated GUIDs only implemented for interfaces!
 -> (artifact id: '20e74faa86ef5d05b7427d36f784d24a') in 0.033165 seconds
Number of updated asset objects reloaded before import = 0
Number of asset objects unloaded after import = 2
========================================================================
Received Import Request.
  Time since last request: 0.000045 seconds.
  path: Assets/Sprites/Environments/Small Forest Asset Pack/Fences/Stone fence/Stone-fence-1.png
  artifactKey: Guid(3fbdf456b28d53c469d9b3ce6cefc154) Importer(2089858483,0ecaa5967403d082aa24f35e1b516d23)
Start importing Assets/Sprites/Environments/Small Forest Asset Pack/Fences/Stone fence/Stone-fence-1.png using Guid(3fbdf456b28d53c469d9b3ce6cefc154) Importer(2089858483,0ecaa5967403d082aa24f35e1b516d23) Generated GUIDs only implemented for interfaces!
 -> (artifact id: 'fbf26cb49320c00a0cbb970acbccdc52') in 0.038541 seconds
Number of updated asset objects reloaded before import = 0
Number of asset objects unloaded after import = 3
========================================================================
Received Import Request.
  Time since last request: 0.000019 seconds.
  path: Assets/Sprites/Environments/Small Forest Asset Pack/Fences/Stone fence/Stone-fence-2.png
  artifactKey: Guid(ce1c11f837f557b49b593b804691fd0a) Importer(2089858483,0ecaa5967403d082aa24f35e1b516d23)
Start importing Assets/Sprites/Environments/Small Forest Asset Pack/Fences/Stone fence/Stone-fence-2.png using Guid(ce1c11f837f557b49b593b804691fd0a) Importer(2089858483,0ecaa5967403d082aa24f35e1b516d23) Generated GUIDs only implemented for interfaces!
 -> (artifact id: 'e3281e5495c35add10ff2bd60ceeddfc') in 0.035592 seconds
Number of updated asset objects reloaded before import = 0
Number of asset objects unloaded after import = 3
========================================================================
Received Import Request.
  Time since last request: 0.000017 seconds.
  path: Assets/Sprites/Environments/Small Forest Asset Pack/Fences/Big wooden fence/Big-wooden-fence-4.png
  artifactKey: Guid(278da4339a3f40f47adfe43474b2961b) Importer(2089858483,0ecaa5967403d082aa24f35e1b516d23)
Start importing Assets/Sprites/Environments/Small Forest Asset Pack/Fences/Big wooden fence/Big-wooden-fence-4.png using Guid(278da4339a3f40f47adfe43474b2961b) Importer(2089858483,0ecaa5967403d082aa24f35e1b516d23) Generated GUIDs only implemented for interfaces!
 -> (artifact id: '449c5c9c1acbf668cc86b49bcf94350e') in 0.036611 seconds
Number of updated asset objects reloaded before import = 0
Number of asset objects unloaded after import = 3
========================================================================
Received Import Request.
  Time since last request: 0.000017 seconds.
  path: Assets/Sprites/Environments/Small Forest Asset Pack/Trees/Tree-2/Tree-2-4.png
  artifactKey: Guid(e379b8b11cc62d040909e16f7fc0c56a) Importer(2089858483,0ecaa5967403d082aa24f35e1b516d23)
Start importing Assets/Sprites/Environments/Small Forest Asset Pack/Trees/Tree-2/Tree-2-4.png using Guid(e379b8b11cc62d040909e16f7fc0c56a) Importer(2089858483,0ecaa5967403d082aa24f35e1b516d23) Generated GUIDs only implemented for interfaces!
 -> (artifact id: '40e4d410004fcaea86277ce396ddf094') in 0.038884 seconds
Number of updated asset objects reloaded before import = 0
Number of asset objects unloaded after import = 3
========================================================================
Received Import Request.
  Time since last request: 0.000021 seconds.
  path: Assets/Sprites/Environments/Small Forest Asset Pack/Bushes/Bush-2.png
  artifactKey: Guid(f109813c23dc7d441a40d616049af32c) Importer(2089858483,0ecaa5967403d082aa24f35e1b516d23)
Start importing Assets/Sprites/Environments/Small Forest Asset Pack/Bushes/Bush-2.png using Guid(f109813c23dc7d441a40d616049af32c) Importer(2089858483,0ecaa5967403d082aa24f35e1b516d23) Generated GUIDs only implemented for interfaces!
 -> (artifact id: '1fe459bfdd3a10b53bbe1b6844652149') in 0.025784 seconds
Number of updated asset objects reloaded before import = 0
Number of asset objects unloaded after import = 3
========================================================================
Received Import Request.
  Time since last request: 0.000016 seconds.
  path: Assets/Sprites/Environments/Small Forest Asset Pack/Bench and chest/Bench.png
  artifactKey: Guid(7496bc53db2f45f4b94945f3a4dea117) Importer(2089858483,0ecaa5967403d082aa24f35e1b516d23)
Start importing Assets/Sprites/Environments/Small Forest Asset Pack/Bench and chest/Bench.png using Guid(7496bc53db2f45f4b94945f3a4dea117) Importer(2089858483,0ecaa5967403d082aa24f35e1b516d23) Generated GUIDs only implemented for interfaces!
 -> (artifact id: '59cf4af6052b0afa456c14e42d7a59b2') in 0.035816 seconds
Number of updated asset objects reloaded before import = 0
Number of asset objects unloaded after import = 3
========================================================================
Received Import Request.
  Time since last request: 0.000021 seconds.
  path: Assets/Sprites/Environments/Small Forest Asset Pack/Trees/Tree-1/Tree-1-3.png
  artifactKey: Guid(f7288c31188ac7c43925ca5cd9fd52f0) Importer(2089858483,0ecaa5967403d082aa24f35e1b516d23)
Start importing Assets/Sprites/Environments/Small Forest Asset Pack/Trees/Tree-1/Tree-1-3.png using Guid(f7288c31188ac7c43925ca5cd9fd52f0) Importer(2089858483,0ecaa5967403d082aa24f35e1b516d23) Generated GUIDs only implemented for interfaces!
 -> (artifact id: '2e7ff2a47136aa53db05dc15584a4ccf') in 0.035685 seconds
Number of updated asset objects reloaded before import = 0
Number of asset objects unloaded after import = 3
========================================================================
Received Import Request.
  Time since last request: 0.000027 seconds.
  path: Assets/Sprites/Environments/Small Forest Asset Pack/Bushes/Bush-1.png
  artifactKey: Guid(7290192013c8c014ab662cd35f045770) Importer(2089858483,0ecaa5967403d082aa24f35e1b516d23)
Start importing Assets/Sprites/Environments/Small Forest Asset Pack/Bushes/Bush-1.png using Guid(7290192013c8c014ab662cd35f045770) Importer(2089858483,0ecaa5967403d082aa24f35e1b516d23) Generated GUIDs only implemented for interfaces!
 -> (artifact id: '19bcd379bf076b3e12369a707ec31cd6') in 0.025228 seconds
Number of updated asset objects reloaded before import = 0
Number of asset objects unloaded after import = 3
========================================================================
Received Import Request.
  Time since last request: 0.000022 seconds.
  path: Assets/Tileset/green/Bright-grass-tileset_4.asset
  artifactKey: Guid(2081ff48edd596548891d713b3c12870) Importer(2089858483,0ecaa5967403d082aa24f35e1b516d23)
Start importing Assets/Tileset/green/Bright-grass-tileset_4.asset using Guid(2081ff48edd596548891d713b3c12870) Importer(2089858483,0ecaa5967403d082aa24f35e1b516d23) Generated GUIDs only implemented for interfaces!
 -> (artifact id: 'c95d9bbd76424ad5da3817aeb147078a') in 0.013343 seconds
Number of updated asset objects reloaded before import = 0
Number of asset objects unloaded after import = 3
========================================================================
Received Import Request.
  Time since last request: 0.000022 seconds.
  path: Assets/Sprites/Environments/Small Forest Asset Pack/Trees/Tree-1/Tree-1-1.png
  artifactKey: Guid(257f6b058c8b61c4984b526030f42b50) Importer(2089858483,0ecaa5967403d082aa24f35e1b516d23)
Start importing Assets/Sprites/Environments/Small Forest Asset Pack/Trees/Tree-1/Tree-1-1.png using Guid(257f6b058c8b61c4984b526030f42b50) Importer(2089858483,0ecaa5967403d082aa24f35e1b516d23) Generated GUIDs only implemented for interfaces!
 -> (artifact id: '8669208a66f63267167a018befe9cfac') in 0.037649 seconds
Number of updated asset objects reloaded before import = 0
Number of asset objects unloaded after import = 3
========================================================================
Received Import Request.
  Time since last request: 0.000036 seconds.
  path: Assets/Tileset/green/Bright-grass-tileset_8.asset
  artifactKey: Guid(d143f38f0fc62e147915b250fbcb4d93) Importer(2089858483,0ecaa5967403d082aa24f35e1b516d23)
Start importing Assets/Tileset/green/Bright-grass-tileset_8.asset using Guid(d143f38f0fc62e147915b250fbcb4d93) Importer(2089858483,0ecaa5967403d082aa24f35e1b516d23) Generated GUIDs only implemented for interfaces!
 -> (artifact id: 'dec1a77057ca02a18f03abeb91e2af44') in 0.015351 seconds
Number of updated asset objects reloaded before import = 0
Number of asset objects unloaded after import = 3
========================================================================
Received Import Request.
  Time since last request: 0.000017 seconds.
  path: Assets/Tileset/green/Bright-grass-tileset_14.asset
  artifactKey: Guid(8180303f2211e86469e72f32ce5ee579) Importer(2089858483,0ecaa5967403d082aa24f35e1b516d23)
Start importing Assets/Tileset/green/Bright-grass-tileset_14.asset using Guid(8180303f2211e86469e72f32ce5ee579) Importer(2089858483,0ecaa5967403d082aa24f35e1b516d23) Generated GUIDs only implemented for interfaces!
 -> (artifact id: 'e9fc595967f1481c0b9ba3308ee61a2f') in 0.012325 seconds
Number of updated asset objects reloaded before import = 0
Number of asset objects unloaded after import = 3
========================================================================
Received Import Request.
  Time since last request: 0.000016 seconds.
  path: Assets/Tileset/green/Bright-grass-tileset_11.asset
  artifactKey: Guid(2cb03d06869fade4e94c258183b51435) Importer(2089858483,0ecaa5967403d082aa24f35e1b516d23)
Start importing Assets/Tileset/green/Bright-grass-tileset_11.asset using Guid(2cb03d06869fade4e94c258183b51435) Importer(2089858483,0ecaa5967403d082aa24f35e1b516d23) Generated GUIDs only implemented for interfaces!
 -> (artifact id: 'a05f82c1f775e0ecdd9492140d049f87') in 0.013668 seconds
Number of updated asset objects reloaded before import = 0
Number of asset objects unloaded after import = 3
Editor requested this worker to shutdown with reason: Scaling down because of idle timeout
TcpMessagingSession - receive error: operation aborted. errorcode: 995, details: Bir i parac k veya bir uygulama istei nedeniyle G/ ilemi iptal edildi.
AssetImportWorker is now disconnected from the server
Process exiting
Exiting without the bug reporter. Application will terminate with return code 0